Watching for file changes with StatReloader
Waiting for apps ready_event.
Apps ready_event triggered. Sending autoreload_started signal.
Watching dir D:\myprofile\template with glob **/*.
Watching dir D:\myprofile\env\lib\site-packages\compressor\templates with glob **/*.
Watching dir D:\myprofile\locale with glob **/*.mo.
Watching dir D:\myprofile\env\lib\site-packages\corsheaders\locale with glob **/*.mo.
Watching dir D:\myprofile\testapp\locale with glob **/*.mo.
Watching dir D:\myprofile\env\lib\site-packages\compressor\locale with glob **/*.mo.
File C:\Users\sitar\AppData\Local\Programs\Python\Python310\Lib\http\__init__.py first seen with mtime 1675774514.0
File D:\myprofile\env\Lib\site-packages\django\contrib\admin\options.py first seen with mtime 1725283154.0025413
File D:\myprofile\env\Lib\site-packages\django\utils\decorators.py first seen with mtime 1725283157.8911822
File C:\Users\sitar\AppData\Local\Programs\Python\Python310\DLLs\_asyncio.pyd first seen with mtime 1675774554.0
File D:\myprofile\env\Lib\site-packages\django\urls\resolvers.py first seen with mtime 1725283157.8911822
File C:\Users\sitar\AppData\Local\Programs\Python\Python310\Lib\token.py first seen with mtime 1675774514.0
File D:\myprofile\env\Lib\site-packages\django\contrib\admin\templatetags\admin_modify.py first seen with mtime 1725283154.6475918
File D:\myprofile\env\Lib\site-packages\django\core\files\utils.py first seen with mtime 1725283157.5405858
File C:\Users\sitar\AppData\Local\Programs\Python\Python310\DLLs\_ctypes.pyd first seen with mtime 1675774556.0
File C:\Users\sitar\AppData\Local\Programs\Python\Python310\Lib\asyncio\runners.py first seen with mtime 1675774514.0
File D:\myprofile\env\Lib\site-packages\django\utils\choices.py first seen with mtime 1725283157.8911822
File C:\Users\sitar\AppData\Local\Programs\Python\Python310\Lib\asyncio\format_helpers.py first seen with mtime 1675774514.0
File D:\myprofile\env\Lib\site-packages\django\middleware\__init__.py first seen with mtime 1725283157.8442986
File D:\myprofile\env\Lib\site-packages\corsheaders\middleware.py first seen with mtime 1710787261.8469422
File C:\Users\sitar\AppData\Local\Programs\Python\Python310\Lib\gettext.py first seen with mtime 1675774514.0
File D:\myprofile\env\Lib\site-packages\django\utils\dates.py first seen with mtime 1725283157.8911822
File D:\myprofile\env\Lib\site-packages\django\core\files\uploadedfile.py first seen with mtime 1725283157.524525
File D:\myprofile\env\Lib\site-packages\django\contrib\sessions\base_session.py first seen with mtime 1725283156.7789593
File D:\myprofile\env\Lib\site-packages\django\core\files\uploadhandler.py first seen with mtime 1725283157.5405858
File D:\myprofile\env\Lib\site-packages\django\core\files\locks.py first seen with mtime 1725283157.524525
File D:\myprofile\testapp\apps.py first seen with mtime 1694541146.0
File D:\myprofile\env\Lib\site-packages\django\contrib\admin\views\__init__.py first seen with mtime 1725283154.6475918
File D:\myprofile\env\Lib\site-packages\django\views\generic\dates.py first seen with mtime 1725283157.922423
File D:\myprofile\env\Lib\site-packages\corsheaders\checks.py first seen with mtime 1710787261.8469422
File D:\myprofile\env\Lib\site-packages\django\contrib\auth\password_validation.py first seen with mtime 1725283154.9868844
File C:\Users\sitar\AppData\Local\Programs\Python\Python310\Lib\sysconfig.py first seen with mtime 1675774514.0
File D:\myprofile\env\Lib\site-packages\django\core\management\commands\__init__.py first seen with mtime 1725283157.5737414
File C:\Users\sitar\AppData\Local\Programs\Python\Python310\Lib\email\_encoded_words.py first seen with mtime 1675774514.0
File D:\myprofile\env\Lib\site-packages\sqlparse\cli.py first seen with mtime 1710774316.5964224
File D:\myprofile\env\Lib\site-packages\sqlparse\filters\aligned_indent.py first seen with mtime 1710774316.606936
File D:\myprofile\env\Lib\site-packages\django\db\models\fields\mixins.py first seen with mtime 1725283157.7316551
File D:\myprofile\env\Lib\site-packages\compressor\utils\__init__.py first seen with mtime 1725283171.8294778
File D:\myprofile\env\Lib\site-packages\django\apps\config.py first seen with mtime 1725283153.6707284
File D:\myprofile\env\Lib\site-packages\django\utils\translation\reloader.py first seen with mtime 1725283157.906802
File D:\myprofile\env\Lib\site-packages\whitenoise\media_types.py first seen with mtime 1717823262.678063
File D:\myprofile\env\Lib\site-packages\django\contrib\messages\middleware.py first seen with mtime 1725283156.136773
File C:\Users\sitar\AppData\Local\Programs\Python\Python310\Lib\asyncio\sslproto.py first seen with mtime 1675774514.0
File D:\myprofile\env\Lib\site-packages\django\db\migrations\__init__.py first seen with mtime 1725283157.682614
File C:\Users\sitar\AppData\Local\Programs\Python\Python310\Lib\lzma.py first seen with mtime 1675774514.0
File D:\myprofile\env\Lib\site-packages\django\core\servers\__init__.py first seen with mtime 1725283157.60448
File D:\myprofile\env\Lib\site-packages\django\forms\boundfield.py first seen with mtime 1725283157.7757423
File C:\Users\sitar\AppData\Local\Programs\Python\Python310\Lib\graphlib.py first seen with mtime 1675774514.0
File C:\Users\sitar\AppData\Local\Programs\Python\Python310\Lib\http\client.py first seen with mtime 1675774514.0
File D:\myprofile\env\Lib\site-packages\django\middleware\clickjacking.py first seen with mtime 1725283157.8442986
File D:\myprofile\env\Lib\site-packages\django\contrib\auth\hashers.py first seen with mtime 1725283154.9868844
File C:\Users\sitar\AppData\Local\Programs\Python\Python310\Lib\urllib\parse.py first seen with mtime 1675774514.0
File D:\myprofile\env\Lib\site-packages\django\db\backends\mysql\features.py first seen with mtime 1725283157.6357405
File D:\myprofile\env\Lib\site-packages\django\middleware\security.py first seen with mtime 1725283157.8442986
File D:\myprofile\env\Lib\site-packages\django\db\backends\ddl_references.py first seen with mtime 1725283157.6201048
File C:\Users\sitar\AppData\Local\Programs\Python\Python310\Lib\email\mime\nonmultipart.py first seen with mtime 1675774514.0
File D:\myprofile\env\Lib\site-packages\django\template\defaultfilters.py first seen with mtime 1725283157.8599293
File C:\Users\sitar\AppData\Local\Programs\Python\Python310\Lib\asyncio\log.py first seen with mtime 1675774514.0
File C:\Users\sitar\AppData\Local\Programs\Python\Python310\Lib\argparse.py first seen with mtime 1675774514.0
File C:\Users\sitar\AppData\Local\Programs\Python\Python310\Lib\asyncio\base_futures.py first seen with mtime 1675774514.0
File D:\myprofile\env\Lib\site-packages\compressor\__init__.py first seen with mtime 1725283171.7201228
File D:\myprofile\env\Lib\site-packages\compressor\templatetags\__init__.py first seen with mtime 1725283171.7513614
File D:\myprofile\env\Lib\site-packages\django\contrib\messages\constants.py first seen with mtime 1725283156.1349056
File C:\Users\sitar\AppData\Local\Programs\Python\Python310\Lib\concurrent\futures\thread.py first seen with mtime 1675774514.0
File C:\Users\sitar\AppData\Local\Programs\Python\Python310\DLLs\_bz2.pyd first seen with mtime 1675774556.0
File D:\myprofile\env\Lib\site-packages\django\template\context.py first seen with mtime 1725283157.8442986
File D:\myprofile\env\Lib\site-packages\django\core\checks\compatibility\django_4_0.py first seen with mtime 1725283157.524525
File D:\myprofile\env\Lib\site-packages\django\template\loaders\app_directories.py first seen with mtime 1725283157.8755505
File C:\Users\sitar\AppData\Local\Programs\Python\Python310\Lib\asyncio\windows_utils.py first seen with mtime 1675774514.0
File D:\myprofile\env\Lib\site-packages\_distutils_hack\__init__.py first seen with mtime 1710774218.249942
File C:\Users\sitar\AppData\Local\Programs\Python\Python310\Lib\http\server.py first seen with mtime 1675774514.0
File D:\myprofile\env\Lib\site-packages\asgiref\sync.py first seen with mtime 1725283152.5929518
File D:\myprofile\env\Lib\site-packages\django\contrib\auth\urls.py first seen with mtime 1725283154.9868844
File D:\myprofile\env\Lib\site-packages\django\core\checks\async_checks.py first seen with mtime 1725283157.507208
File D:\myprofile\env\Lib\site-packages\django\db\backends\base\features.py first seen with mtime 1725283157.6201048
File D:\myprofile\env\Lib\site-packages\whitenoise\base.py first seen with mtime 1717823262.678063
File D:\myprofile\env\Lib\site-packages\asgiref\local.py first seen with mtime 1725283152.590844
File C:\Users\sitar\AppData\Local\Programs\Python\Python310\Lib\ipaddress.py first seen with mtime 1675774514.0
File D:\myprofile\env\Lib\site-packages\django\core\management\base.py first seen with mtime 1725283157.5569534
File C:\Users\sitar\AppData\Local\Programs\Python\Python310\Lib\functools.py first seen with mtime 1675774514.0
File D:\myprofile\env\Lib\site-packages\django\templatetags\i18n.py first seen with mtime 1725283157.8755505
File D:\myprofile\env\Lib\site-packages\django\contrib\sessions\__init__.py first seen with mtime 1725283156.777181
File C:\Users\sitar\AppData\Local\Programs\Python\Python310\Lib\platform.py first seen with mtime 1675774514.0
File D:\myprofile\env\Lib\site-packages\django\template\loaders\__init__.py first seen with mtime 1725283157.8599293
File D:\myprofile\env\Lib\site-packages\django\utils\html.py first seen with mtime 1725283157.906802
File D:\myprofile\env\Lib\site-packages\django\template\loader_tags.py first seen with mtime 1725283157.8599293
File D:\myprofile\env\Lib\site-packages\django\db\models\functions\mixins.py first seen with mtime 1725283157.7473493
File D:\myprofile\myprofile\settings.py first seen with mtime 1725289572.4960568
File C:\Users\sitar\AppData\Local\Programs\Python\Python310\Lib\asyncio\tasks.py first seen with mtime 1675774514.0
File D:\myprofile\env\Lib\site-packages\django\db\backends\mysql\base.py first seen with mtime 1725283157.6357405
File C:\Users\sitar\AppData\Local\Programs\Python\Python310\Lib\asyncio\futures.py first seen with mtime 1675774514.0
File D:\myprofile\env\Lib\site-packages\corsheaders\apps.py first seen with mtime 1710787261.8469422
File C:\Users\sitar\AppData\Local\Programs\Python\Python310\Lib\difflib.py first seen with mtime 1675774514.0
File D:\myprofile\env\Lib\site-packages\django\urls\converters.py first seen with mtime 1725283157.8755505
File C:\Users\sitar\AppData\Local\Programs\Python\Python310\Lib\zoneinfo\__init__.py first seen with mtime 1675774514.0
File D:\myprofile\env\Lib\site-packages\django\shortcuts.py first seen with mtime 1725283153.6707284
File D:\myprofile\env\Lib\site-packages\django\dispatch\__init__.py first seen with mtime 1725283157.770375
File D:\myprofile\env\Lib\site-packages\sqlparse\filters\right_margin.py first seen with mtime 1710774316.6099367
File C:\Users\sitar\AppData\Local\Programs\Python\Python310\Lib\asyncio\base_subprocess.py first seen with mtime 1675774514.0
File D:\myprofile\env\Lib\site-packages\django\contrib\auth\validators.py first seen with mtime 1725283154.9868844
File D:\myprofile\env\Lib\site-packages\django\core\checks\security\sessions.py first seen with mtime 1725283157.524525
File D:\myprofile\env\Lib\site-packages\django\db\migrations\operations\__init__.py first seen with mtime 1725283157.6983156
File D:\myprofile\testapp\__init__.py first seen with mtime 1694541146.0
File D:\myprofile\env\Lib\site-packages\django\core\serializers\json.py first seen with mtime 1725283157.60448
File D:\myprofile\env\Lib\site-packages\whitenoise\__init__.py first seen with mtime 1717823262.678063
File D:\myprofile\env\Lib\site-packages\compressor\storage.py first seen with mtime 1725283171.735728
File D:\myprofile\env\Lib\site-packages\django\views\decorators\debug.py first seen with mtime 1725283157.922423
File D:\myprofile\env\Lib\site-packages\MySQLdb\constants\FLAG.py first seen with mtime 1710774362.3390188
File D:\myprofile\env\Lib\site-packages\sqlparse\lexer.py first seen with mtime 1710774316.5989313
File D:\myprofile\env\Lib\site-packages\django\contrib\messages\apps.py first seen with mtime 1725283156.1349056
File D:\myprofile\env\Lib\site-packages\django\core\checks\security\base.py first seen with mtime 1725283157.524525
File D:\myprofile\env\Lib\site-packages\django\db\models\sql\datastructures.py first seen with mtime 1725283157.7649496
File D:\myprofile\env\Lib\site-packages\sqlparse\engine\statement_splitter.py first seen with mtime 1710774316.603935
File D:\myprofile\env\Lib\site-packages\django\db\models\fields\related.py first seen with mtime 1725283157.7316551
File C:\Users\sitar\AppData\Local\Programs\Python\Python310\Lib\asyncio\base_tasks.py first seen with mtime 1675774514.0
File D:\myprofile\env\Lib\site-packages\django\db\backends\base\base.py first seen with mtime 1725283157.6201048
File C:\Users\sitar\AppData\Local\Programs\Python\Python310\Lib\encodings\cp1252.py first seen with mtime 1675774514.0
File C:\Users\sitar\AppData\Local\Programs\Python\Python310\Lib\encodings\aliases.py first seen with mtime 1675774514.0
File D:\myprofile\env\Lib\site-packages\django\core\files\storage\memory.py first seen with mtime 1725283157.5405858
File D:\myprofile\env\Lib\site-packages\django\core\exceptions.py first seen with mtime 1725283157.490347
File D:\myprofile\env\Lib\site-packages\django\utils\dateformat.py first seen with mtime 1725283157.8911822
File D:\myprofile\env\Lib\site-packages\django\core\checks\templates.py first seen with mtime 1725283157.5240018
File C:\Users\sitar\AppData\Local\Programs\Python\Python310\Lib\email\_parseaddr.py first seen with mtime 1675774514.0
File D:\myprofile\env\Lib\site-packages\django\utils\translation\trans_real.py first seen with mtime 1725283157.922423
File D:\myprofile\env\Lib\site-packages\django\forms\forms.py first seen with mtime 1725283157.7789395
File C:\Users\sitar\AppData\Local\Programs\Python\Python310\Lib\asyncio\proactor_events.py first seen with mtime 1675774514.0
File D:\myprofile\env\Lib\site-packages\django\db\models\sql\subqueries.py first seen with mtime 1725283157.7679558
File D:\myprofile\env\Lib\site-packages\django\db\models\manager.py first seen with mtime 1725283157.729983
File D:\myprofile\env\Lib\site-packages\django\contrib\sessions\models.py first seen with mtime 1725283156.7820692
File D:\myprofile\env\Lib\site-packages\django\core\checks\__init__.py first seen with mtime 1725283157.507208
File D:\myprofile\env\Lib\site-packages\django\utils\__init__.py first seen with mtime 1725283157.8911822
File D:\myprofile\env\Lib\site-packages\django\views\static.py first seen with mtime 1725283157.922423
File D:\myprofile\env\Lib\site-packages\django\contrib\staticfiles\views.py first seen with mtime 1725283157.4818997
File D:\myprofile\env\Lib\site-packages\django\utils\termcolors.py first seen with mtime 1725283157.906802
File C:\Users\sitar\AppData\Local\Programs\Python\Python310\Lib\logging\__init__.py first seen with mtime 1675774514.0
File C:\Users\sitar\AppData\Local\Programs\Python\Python310\Lib\ssl.py first seen with mtime 1675774514.0
File D:\myprofile\env\Lib\site-packages\django\db\migrations\migration.py first seen with mtime 1725283157.682614
File D:\myprofile\env\Lib\site-packages\django\http\__init__.py first seen with mtime 1725283157.8442986
File C:\Users\sitar\AppData\Local\Programs\Python\Python310\Lib\html\entities.py first seen with mtime 1675774514.0
File C:\Users\sitar\AppData\Local\Programs\Python\Python310\Lib\email\feedparser.py first seen with mtime 1675774514.0
File D:\myprofile\env\Lib\site-packages\sqlparse\engine\grouping.py first seen with mtime 1710774316.6029336
File C:\Users\sitar\AppData\Local\Programs\Python\Python310\Lib\_collections_abc.py first seen with mtime 1675774514.0
File D:\myprofile\env\Lib\site-packages\django\utils\ipv6.py first seen with mtime 1725283157.906802
File D:\myprofile\env\Lib\site-packages\django\core\files\storage\base.py first seen with mtime 1725283157.5405858
File D:\myprofile\env\Lib\site-packages\django\forms\widgets.py first seen with mtime 1725283157.786037
File D:\myprofile\env\Lib\site-packages\django\template\utils.py first seen with mtime 1725283157.8599293
File D:\myprofile\env\Lib\site-packages\django\core\handlers\asgi.py first seen with mtime 1725283157.5405858
File C:\Users\sitar\AppData\Local\Programs\Python\Python310\Lib\importlib\machinery.py first seen with mtime 1675774514.0
File D:\myprofile\env\Lib\site-packages\django\core\checks\security\__init__.py first seen with mtime 1725283157.524525
File D:\myprofile\env\Lib\site-packages\django\contrib\messages\storage\__init__.py first seen with mtime 1725283156.1415486
File D:\myprofile\env\Lib\site-packages\django\template\loader.py first seen with mtime 1725283157.8599293
File C:\Users\sitar\AppData\Local\Programs\Python\Python310\Lib\asyncio\base_events.py first seen with mtime 1675774514.0
File C:\Users\sitar\AppData\Local\Programs\Python\Python310\Lib\asyncio\__init__.py first seen with mtime 1675774514.0
File D:\myprofile\env\Lib\site-packages\django\utils\inspect.py first seen with mtime 1725283157.906802
File C:\Users\sitar\AppData\Local\Programs\Python\Python310\Lib\reprlib.py first seen with mtime 1675774514.0
File C:\Users\sitar\AppData\Local\Programs\Python\Python310\Lib\io.py first seen with mtime 1675774514.0
File D:\myprofile\env\Lib\site-packages\django\db\migrations\operations\fields.py first seen with mtime 1725283157.6983156
File D:\myprofile\env\Lib\site-packages\django\core\handlers\__init__.py first seen with mtime 1725283157.5405858
File C:\Users\sitar\AppData\Local\Programs\Python\Python310\Lib\json\scanner.py first seen with mtime 1675774514.0
File D:\myprofile\env\Lib\site-packages\django\core\files\storage\handler.py first seen with mtime 1725283157.5405858
File C:\Users\sitar\AppData\Local\Programs\Python\Python310\Lib\urllib\request.py first seen with mtime 1675774514.0
File D:\myprofile\env\Lib\site-packages\django\contrib\admin\templatetags\log.py first seen with mtime 1725283154.6475918
File C:\Users\sitar\AppData\Local\Programs\Python\Python310\Lib\string.py first seen with mtime 1675774514.0
File D:\myprofile\env\Lib\site-packages\django\db\migrations\operations\models.py first seen with mtime 1725283157.6983156
File C:\Users\sitar\AppData\Local\Programs\Python\Python310\Lib\email\base64mime.py first seen with mtime 1675774514.0
File D:\myprofile\env\Lib\site-packages\django\middleware\cache.py first seen with mtime 1725283157.8442986
File D:\myprofile\env\Lib\site-packages\django\db\backends\mysql\validation.py first seen with mtime 1725283157.6357405
File D:\myprofile\env\Lib\site-packages\django\templatetags\__init__.py first seen with mtime 1725283157.8755505
File D:\myprofile\env\Lib\site-packages\django\utils\encoding.py first seen with mtime 1725283157.8911822
File C:\Users\sitar\AppData\Local\Programs\Python\Python310\Lib\wsgiref\simple_server.py first seen with mtime 1675774514.0
File D:\myprofile\env\Lib\site-packages\django\core\serializers\base.py first seen with mtime 1725283157.60448
File D:\myprofile\env\Lib\site-packages\django\template\smartif.py first seen with mtime 1725283157.8599293
File D:\myprofile\env\Lib\site-packages\django\contrib\contenttypes\management\__init__.py first seen with mtime 1725283155.4515007
File D:\myprofile\env\Lib\site-packages\django\db\models\functions\text.py first seen with mtime 1725283157.7473493
File C:\Users\sitar\AppData\Local\Programs\Python\Python310\DLLs\_decimal.pyd first seen with mtime 1675774556.0
File D:\myprofile\env\Lib\site-packages\django\utils\http.py first seen with mtime 1725283157.906802
File C:\Users\sitar\AppData\Local\Programs\Python\Python310\Lib\copyreg.py first seen with mtime 1675774514.0
File C:\Users\sitar\AppData\Local\Programs\Python\Python310\DLLs\select.pyd first seen with mtime 1675774556.0
File C:\Users\sitar\AppData\Local\Programs\Python\Python310\Lib\gzip.py first seen with mtime 1675774514.0
File D:\myprofile\env\Lib\site-packages\MySQLdb\times.py first seen with mtime 1710774362.3349924
File D:\myprofile\env\Lib\site-packages\django\db\migrations\utils.py first seen with mtime 1725283157.6983156
File D:\myprofile\env\Lib\site-packages\django\contrib\sessions\apps.py first seen with mtime 1725283156.778334
File C:\Users\sitar\AppData\Local\Programs\Python\Python310\Lib\locale.py first seen with mtime 1675774514.0
File C:\Users\sitar\AppData\Local\Programs\Python\Python310\Lib\_sitebuiltins.py first seen with mtime 1675774514.0
File D:\myprofile\env\Lib\site-packages\django\core\files\storage\__init__.py first seen with mtime 1725283157.5405858
File C:\Users\sitar\AppData\Local\Programs\Python\Python310\Lib\numbers.py first seen with mtime 1675774514.0
File C:\Users\sitar\AppData\Local\Programs\Python\Python310\Lib\collections\abc.py first seen with mtime 1675774514.0
File D:\myprofile\env\Lib\site-packages\django\conf\urls\__init__.py first seen with mtime 1725283154.0025413
File D:\myprofile\env\Lib\site-packages\sqlparse\formatter.py first seen with mtime 1710774316.597926
File C:\Users\sitar\AppData\Local\Programs\Python\Python310\Lib\datetime.py first seen with mtime 1675774514.0
File D:\myprofile\env\Lib\site-packages\django\db\backends\base\validation.py first seen with mtime 1725283157.6357405
File D:\myprofile\env\Lib\site-packages\django\contrib\messages\api.py first seen with mtime 1725283156.1264417
File D:\myprofile\env\Lib\site-packages\django\template\__init__.py first seen with mtime 1725283157.8442986
File D:\myprofile\env\Lib\site-packages\django\contrib\admin\filters.py first seen with mtime 1725283154.0025413
File D:\myprofile\env\Lib\site-packages\compressor\cache.py first seen with mtime 1725283171.735728
File C:\Users\sitar\AppData\Local\Programs\Python\Python310\Lib\wsgiref\__init__.py first seen with mtime 1675774514.0
File C:\Users\sitar\AppData\Local\Programs\Python\Python310\Lib\weakref.py first seen with mtime 1675774514.0
File C:\Users\sitar\AppData\Local\Programs\Python\Python310\Lib\codecs.py first seen with mtime 1675774514.0
File D:\myprofile\env\Lib\site-packages\django\db\models\sql\where.py first seen with mtime 1725283157.7690406
File C:\Users\sitar\AppData\Local\Programs\Python\Python310\Lib\contextlib.py first seen with mtime 1675774514.0
File D:\myprofile\env\Lib\site-packages\django\conf\global_settings.py first seen with mtime 1725283153.68078
File D:\myprofile\env\Lib\site-packages\django\template\backends\django.py first seen with mtime 1725283157.8599293
File C:\Users\sitar\AppData\Local\Programs\Python\Python310\Lib\logging\config.py first seen with mtime 1675774514.0
File C:\Users\sitar\AppData\Local\Programs\Python\Python310\Lib\asyncio\constants.py first seen with mtime 1675774514.0
File D:\myprofile\env\Lib\site-packages\django\contrib\admin\exceptions.py first seen with mtime 1725283154.0025413
File D:\myprofile\env\Lib\site-packages\django\contrib\auth\forms.py first seen with mtime 1725283154.9868844
File D:\myprofile\env\Lib\site-packages\sqlparse\tokens.py first seen with mtime 1710774316.600936
File D:\myprofile\env\Lib\site-packages\django\core\serializers\python.py first seen with mtime 1725283157.60448
File D:\myprofile\env\Lib\site-packages\django\contrib\admin\widgets.py first seen with mtime 1725283154.0025413
File C:\Users\sitar\AppData\Local\Programs\Python\Python310\Lib\uu.py first seen with mtime 1675774514.0
File D:\myprofile\env\Lib\site-packages\sqlparse\filters\reindent.py first seen with mtime 1710774316.6089616
File D:\myprofile\env\Lib\site-packages\MySQLdb\constants\FIELD_TYPE.py first seen with mtime 1710774362.3380003
File D:\myprofile\env\Lib\site-packages\django\contrib\auth\tokens.py first seen with mtime 1725283154.9868844
File D:\myprofile\env\Lib\site-packages\django\core\mail\utils.py first seen with mtime 1725283157.5569534
File C:\Users\sitar\AppData\Local\Programs\Python\Python310\Lib\email\mime\base.py first seen with mtime 1675774514.0
File C:\Users\sitar\AppData\Local\Programs\Python\Python310\Lib\_compat_pickle.py first seen with mtime 1675774514.0
File D:\myprofile\env\Lib\site-packages\django\utils\crypto.py first seen with mtime 1725283157.8911822
File D:\myprofile\env\Lib\site-packages\sqlparse\filters\others.py first seen with mtime 1710774316.606936
File C:\Users\sitar\AppData\Local\Programs\Python\Python310\Lib\wsgiref\handlers.py first seen with mtime 1675774514.0
File C:\Users\sitar\AppData\Local\Programs\Python\Python310\Lib\email\_policybase.py first seen with mtime 1675774514.0
File D:\myprofile\env\Lib\site-packages\django\db\models\expressions.py first seen with mtime 1725283157.7138844
File C:\Users\sitar\AppData\Local\Programs\Python\Python310\Lib\html\parser.py first seen with mtime 1675774514.0
File D:\myprofile\testapp\form.py first seen with mtime 1694975156.0
File D:\myprofile\env\Lib\site-packages\django\views\decorators\cache.py first seen with mtime 1725283157.922423
File C:\Users\sitar\AppData\Local\Programs\Python\Python310\Lib\fnmatch.py first seen with mtime 1675774514.0
File D:\myprofile\env\Lib\site-packages\MySQLdb\__init__.py first seen with mtime 1710774362.321447
File D:\myprofile\env\Lib\site-packages\sqlparse\exceptions.py first seen with mtime 1710774316.5974233
File C:\Users\sitar\AppData\Local\Programs\Python\Python310\Lib\socket.py first seen with mtime 1675774514.0
File D:\myprofile\env\Lib\site-packages\django\contrib\staticfiles\__init__.py first seen with mtime 1725283157.4732451
File C:\Users\sitar\AppData\Local\Programs\Python\Python310\Lib\email\headerregistry.py first seen with mtime 1675774514.0
File D:\myprofile\env\Lib\site-packages\django\contrib\admin\sites.py first seen with mtime 1725283154.0025413
File C:\Users\sitar\AppData\Local\Programs\Python\Python310\Lib\shutil.py first seen with mtime 1675774514.0
File D:\myprofile\env\Lib\site-packages\django\contrib\contenttypes\views.py first seen with mtime 1725283155.248379
File D:\myprofile\env\Lib\site-packages\django\contrib\staticfiles\management\__init__.py first seen with mtime 1725283157.4818997
File D:\myprofile\env\Lib\site-packages\django\utils\regex_helper.py first seen with mtime 1725283157.906802
File D:\myprofile\env\Lib\site-packages\django\core\checks\files.py first seen with mtime 1725283157.507208
File D:\myprofile\env\Lib\site-packages\django\contrib\admin\templatetags\base.py first seen with mtime 1725283154.6475918
File C:\Users\sitar\AppData\Local\Programs\Python\Python310\Lib\struct.py first seen with mtime 1675774514.0
File D:\myprofile\env\Lib\site-packages\django\core\cache\backends\filebased.py first seen with mtime 1725283157.507208
File D:\myprofile\env\Lib\site-packages\django\contrib\admin\views\main.py first seen with mtime 1725283154.655615
File D:\myprofile\env\Lib\site-packages\sqlparse\sql.py first seen with mtime 1710774316.5999339
File D:\myprofile\env\Lib\site-packages\django\core\checks\urls.py first seen with mtime 1725283157.524525
File D:\myprofile\env\Lib\site-packages\django\views\i18n.py first seen with mtime 1725283157.922423
File D:\myprofile\env\Lib\site-packages\django\contrib\auth\base_user.py first seen with mtime 1725283154.9868844
File D:\myprofile\env\Lib\site-packages\django\template\defaulttags.py first seen with mtime 1725283157.8599293
File D:\myprofile\env\Lib\site-packages\django\utils\safestring.py first seen with mtime 1725283157.906802
File C:\Users\sitar\AppData\Local\Programs\Python\Python310\Lib\zoneinfo\_tzpath.py first seen with mtime 1675774514.0
File C:\Users\sitar\AppData\Local\Programs\Python\Python310\Lib\importlib\util.py first seen with mtime 1675774514.0
File D:\myprofile\env\Lib\site-packages\django\contrib\staticfiles\handlers.py first seen with mtime 1725283157.4732451
File C:\Users\sitar\AppData\Local\Programs\Python\Python310\Lib\_compression.py first seen with mtime 1675774514.0
File C:\Users\sitar\AppData\Local\Programs\Python\Python310\Lib\concurrent\__init__.py first seen with mtime 1675774514.0
File D:\myprofile\env\Lib\site-packages\django\utils\timezone.py first seen with mtime 1725283157.906802
File C:\Users\sitar\AppData\Local\Programs\Python\Python310\Lib\enum.py first seen with mtime 1675774514.0
File D:\myprofile\env\Lib\site-packages\django\core\files\temp.py first seen with mtime 1725283157.524525
File D:\myprofile\env\Lib\site-packages\asgiref\__init__.py first seen with mtime 1725283152.58583
File C:\Users\sitar\AppData\Local\Programs\Python\Python310\DLLs\_hashlib.pyd first seen with mtime 1675774554.0
File D:\myprofile\env\Lib\site-packages\django\urls\exceptions.py first seen with mtime 1725283157.8911822
File D:\myprofile\env\Lib\site-packages\django\core\handlers\wsgi.py first seen with mtime 1725283157.5537963
File D:\myprofile\env\Lib\site-packages\django\utils\deprecation.py first seen with mtime 1725283157.8911822
File C:\Users\sitar\AppData\Local\Programs\Python\Python310\Lib\email\quoprimime.py first seen with mtime 1675774514.0
File D:\myprofile\env\Lib\site-packages\django\core\checks\security\csrf.py first seen with mtime 1725283157.524525
File D:\myprofile\env\Lib\site-packages\django\core\files\images.py first seen with mtime 1725283157.524525
File C:\Users\sitar\AppData\Local\Programs\Python\Python310\Lib\socketserver.py first seen with mtime 1675774514.0
File C:\Users\sitar\AppData\Local\Programs\Python\Python310\Lib\os.py first seen with mtime 1675774514.0
File D:\myprofile\env\Lib\site-packages\django\core\mail\__init__.py first seen with mtime 1725283157.5569534
File D:\myprofile\env\Lib\site-packages\django\core\files\move.py first seen with mtime 1725283157.524525
File C:\Users\sitar\AppData\Local\Programs\Python\Python310\Lib\http\cookies.py first seen with mtime 1675774514.0
File D:\myprofile\env\Lib\site-packages\django\contrib\staticfiles\checks.py first seen with mtime 1725283157.4732451
File D:\myprofile\env\Lib\site-packages\corsheaders\defaults.py first seen with mtime 1710787261.8469422
File C:\Users\sitar\AppData\Local\Programs\Python\Python310\Lib\concurrent\futures\__init__.py first seen with mtime 1675774514.0
File C:\Users\sitar\AppData\Local\Programs\Python\Python310\Lib\email\__init__.py first seen with mtime 1675774514.0
File D:\myprofile\env\Lib\site-packages\django\template\loaders\filesystem.py first seen with mtime 1725283157.8755505
File C:\Users\sitar\AppData\Local\Programs\Python\Python310\Lib\operator.py first seen with mtime 1675774514.0
File C:\Users\sitar\AppData\Local\Programs\Python\Python310\DLLs\_socket.pyd first seen with mtime 1675774556.0
File D:\myprofile\env\Lib\site-packages\django\utils\hashable.py first seen with mtime 1725283157.906802
File C:\Users\sitar\AppData\Local\Programs\Python\Python310\Lib\asyncio\coroutines.py first seen with mtime 1675774514.0
File D:\myprofile\env\Lib\site-packages\django\db\models\deletion.py first seen with mtime 1725283157.7138844
File C:\Users\sitar\AppData\Local\Programs\Python\Python310\Lib\importlib\_abc.py first seen with mtime 1675774514.0
File C:\Users\sitar\AppData\Local\Programs\Python\Python310\Lib\asyncio\windows_events.py first seen with mtime 1675774514.0
File D:\myprofile\env\Lib\site-packages\django\contrib\staticfiles\finders.py first seen with mtime 1725283157.4732451
File D:\myprofile\env\Lib\site-packages\django\db\models\fields\__init__.py first seen with mtime 1725283157.7316551
File C:\Users\sitar\AppData\Local\Programs\Python\Python310\Lib\calendar.py first seen with mtime 1675774514.0
File D:\myprofile\env\Lib\site-packages\django\utils\lorem_ipsum.py first seen with mtime 1725283157.906802
File D:\myprofile\env\Lib\site-packages\django\core\paginator.py first seen with mtime 1725283157.490347
File D:\myprofile\env\Lib\site-packages\django\core\signals.py first seen with mtime 1725283157.490347
File D:\myprofile\env\Lib\site-packages\django\db\models\sql\__init__.py first seen with mtime 1725283157.7473493
File D:\myprofile\env\Lib\site-packages\django\core\__init__.py first seen with mtime 1725283157.490347
File C:\Users\sitar\AppData\Local\Programs\Python\Python310\Lib\getpass.py first seen with mtime 1675774514.0
File D:\myprofile\env\Lib\site-packages\django\utils\cache.py first seen with mtime 1725283157.8911822
File C:\Users\sitar\AppData\Local\Programs\Python\Python310\Lib\ast.py first seen with mtime 1675774514.0
File C:\Users\sitar\AppData\Local\Programs\Python\Python310\Lib\traceback.py first seen with mtime 1675774514.0
File C:\Users\sitar\AppData\Local\Programs\Python\Python310\Lib\abc.py first seen with mtime 1675774514.0
File C:\Users\sitar\AppData\Local\Programs\Python\Python310\Lib\email\mime\text.py first seen with mtime 1675774514.0
File D:\myprofile\env\Lib\site-packages\django\template\loaders\cached.py first seen with mtime 1725283157.8755505
File D:\myprofile\env\Lib\site-packages\_virtualenv.py first seen with mtime 1710774214.4130812
File D:\myprofile\env\Lib\site-packages\django\db\models\query_utils.py first seen with mtime 1725283157.7316551
File C:\Users\sitar\AppData\Local\Programs\Python\Python310\Lib\urllib\__init__.py first seen with mtime 1675774514.0
File D:\myprofile\env\Lib\site-packages\django\core\servers\basehttp.py first seen with mtime 1725283157.60448
File C:\Users\sitar\AppData\Local\Programs\Python\Python310\Lib\hashlib.py first seen with mtime 1675774514.0
File C:\Users\sitar\AppData\Local\Programs\Python\Python310\DLLs\_lzma.pyd first seen with mtime 1675774554.0
File D:\myprofile\env\Lib\site-packages\django\contrib\auth\views.py first seen with mtime 1725283154.9868844
File D:\myprofile\env\Lib\site-packages\django\utils\_os.py first seen with mtime 1725283157.8911822
File D:\myprofile\env\Lib\site-packages\django\db\models\base.py first seen with mtime 1725283157.7138844
File D:\myprofile\env\Lib\site-packages\django\contrib\sessions\middleware.py first seen with mtime 1725283156.7789593
File C:\Users\sitar\AppData\Local\Programs\Python\Python310\Lib\sre_compile.py first seen with mtime 1675774514.0
File C:\Users\sitar\AppData\Local\Programs\Python\Python310\Lib\contextvars.py first seen with mtime 1675774514.0
(0.031) 
                SELECT VERSION(),
                       @@sql_mode,
                       @@default_storage_engine,
                       @@sql_auto_is_null,
                       @@lower_case_table_names,
                       CONVERT_TZ('2001-01-01 01:00:00', 'UTC', 'UTC') IS NOT NULL
            ; args=None; alias=default
File C:\Users\sitar\AppData\Local\Programs\Python\Python310\Lib\sre_constants.py first seen with mtime 1675774514.0
File D:\myprofile\env\Lib\site-packages\dotenv\parser.py first seen with mtime 1710775214.046292
File D:\myprofile\env\Lib\site-packages\django\http\response.py first seen with mtime 1725283157.8442986
File D:\myprofile\env\Lib\site-packages\dotenv\variables.py first seen with mtime 1710775214.0508862
File D:\myprofile\env\Lib\site-packages\django\core\management\__init__.py first seen with mtime 1725283157.5569534
File D:\myprofile\env\Lib\site-packages\django\db\models\indexes.py first seen with mtime 1725283157.7138844
File C:\Users\sitar\AppData\Local\Programs\Python\Python310\Lib\zoneinfo\_common.py first seen with mtime 1675774514.0
File D:\myprofile\env\Lib\site-packages\compressor\exceptions.py first seen with mtime 1725283171.735728
File D:\myprofile\env\Lib\site-packages\django\templatetags\l10n.py first seen with mtime 1725283157.8755505
File C:\Users\sitar\AppData\Local\Programs\Python\Python310\Lib\asyncio\locks.py first seen with mtime 1675774514.0
File D:\myprofile\env\Lib\site-packages\django\utils\autoreload.py first seen with mtime 1725283157.8911822
File D:\myprofile\env\Lib\site-packages\django\db\models\sql\query.py first seen with mtime 1725283157.7669535
File D:\myprofile\env\Lib\site-packages\django\db\models\fields\proxy.py first seen with mtime 1725283157.7316551
File C:\Users\sitar\AppData\Local\Programs\Python\Python310\Lib\queue.py first seen with mtime 1675774514.0
File D:\myprofile\env\Lib\site-packages\django\contrib\contenttypes\__init__.py first seen with mtime 1725283155.248379
File D:\myprofile\env\Lib\site-packages\django\contrib\__init__.py first seen with mtime 1725283154.0025413
File C:\Users\sitar\AppData\Local\Programs\Python\Python310\Lib\selectors.py first seen with mtime 1675774514.0
File D:\myprofile\env\Lib\site-packages\django\conf\locale\__init__.py first seen with mtime 1725283153.6883404
File C:\Users\sitar\AppData\Local\Programs\Python\Python310\Lib\threading.py first seen with mtime 1675774514.0
File D:\myprofile\env\Lib\site-packages\django\db\models\fields\generated.py first seen with mtime 1725283157.7316551
File D:\myprofile\env\Lib\site-packages\django\core\signing.py first seen with mtime 1725283157.490347
File D:\myprofile\myprofile\__init__.py first seen with mtime 1694540938.0
File D:\myprofile\env\Lib\site-packages\django\db\models\constraints.py first seen with mtime 1725283157.7138844
File D:\myprofile\env\Lib\site-packages\django\utils\timesince.py first seen with mtime 1725283157.906802
File D:\myprofile\env\Lib\site-packages\django\db\backends\mysql\__init__.py first seen with mtime 1725283157.6357405
File D:\myprofile\env\Lib\site-packages\django\views\generic\base.py first seen with mtime 1725283157.922423
File D:\myprofile\env\Lib\site-packages\django\core\cache\backends\base.py first seen with mtime 1725283157.5066762
File D:\myprofile\env\Lib\site-packages\django\contrib\staticfiles\management\commands\__init__.py first seen with mtime 1725283157.4818997
File C:\Users\sitar\AppData\Local\Programs\Python\Python310\Lib\asyncio\transports.py first seen with mtime 1675774514.0
File D:\myprofile\env\Lib\site-packages\django\dispatch\dispatcher.py first seen with mtime 1725283157.7724502
File D:\myprofile\env\Lib\site-packages\MySQLdb\converters.py first seen with mtime 1710774362.3284645
File D:\myprofile\env\Lib\site-packages\django\core\checks\compatibility\__init__.py first seen with mtime 1725283157.524525
File D:\myprofile\env\Lib\site-packages\django\views\__init__.py first seen with mtime 1725283157.922423
File D:\myprofile\env\Lib\site-packages\django\db\models\functions\__init__.py first seen with mtime 1725283157.7473493
File D:\myprofile\manage.py first seen with mtime 1694540938.0
File D:\myprofile\env\Lib\site-packages\django\utils\version.py first seen with mtime 1725283157.906802
File D:\myprofile\env\Lib\site-packages\whitenoise\middleware.py first seen with mtime 1717823262.678063
File D:\myprofile\env\Lib\site-packages\django\db\models\sql\constants.py first seen with mtime 1725283157.762953
File D:\myprofile\env\Lib\site-packages\django\contrib\staticfiles\apps.py first seen with mtime 1725283157.4732451
File D:\myprofile\env\Lib\site-packages\django\db\models\signals.py first seen with mtime 1725283157.7316551
File D:\myprofile\env\Lib\site-packages\django\views\generic\detail.py first seen with mtime 1725283157.922423
File C:\Users\sitar\AppData\Local\Programs\Python\Python310\Lib\json\__init__.py first seen with mtime 1675774514.0
File C:\Users\sitar\AppData\Local\Programs\Python\Python310\DLLs\_ssl.pyd first seen with mtime 1675774556.0
File D:\myprofile\env\Lib\site-packages\compressor\templatetags\compress.py first seen with mtime 1725283171.7513614
File C:\Users\sitar\AppData\Local\Programs\Python\Python310\Lib\json\decoder.py first seen with mtime 1675774514.0
File D:\myprofile\env\Lib\site-packages\django\utils\duration.py first seen with mtime 1725283157.8911822
File D:\myprofile\env\Lib\site-packages\django\db\backends\signals.py first seen with mtime 1725283157.6201048
File C:\Users\sitar\AppData\Local\Programs\Python\Python310\Lib\decimal.py first seen with mtime 1675774514.0
File D:\myprofile\env\Lib\site-packages\django\db\backends\__init__.py first seen with mtime 1725283157.6201048
File C:\Users\sitar\AppData\Local\Programs\Python\Python310\DLLs\_uuid.pyd first seen with mtime 1675774554.0
File C:\Users\sitar\AppData\Local\Programs\Python\Python310\Lib\typing.py first seen with mtime 1675774514.0
File D:\myprofile\env\Lib\site-packages\django\contrib\contenttypes\checks.py first seen with mtime 1725283155.248379
File D:\myprofile\env\Lib\site-packages\django\db\backends\base\__init__.py first seen with mtime 1725283157.6201048
File D:\myprofile\env\Lib\site-packages\django\db\migrations\state.py first seen with mtime 1725283157.6983156
File D:\myprofile\env\Lib\site-packages\compressor\conf.py first seen with mtime 1725283171.735728
File D:\myprofile\env\Lib\site-packages\django\contrib\sessions\backends\base.py first seen with mtime 1725283156.7850091
File D:\myprofile\env\Lib\site-packages\django\db\backends\mysql\client.py first seen with mtime 1725283157.6357405
File D:\myprofile\env\Lib\site-packages\django\db\models\lookups.py first seen with mtime 1725283157.7138844
File C:\Users\sitar\AppData\Local\Programs\Python\Python310\Lib\ctypes\_endian.py first seen with mtime 1675774514.0
File D:\myprofile\env\Lib\site-packages\appconf\base.py first seen with mtime 1725283171.673233
File D:\myprofile\env\Lib\site-packages\django\contrib\admin\helpers.py first seen with mtime 1725283154.0025413
File C:\Users\sitar\AppData\Local\Programs\Python\Python310\Lib\email\charset.py first seen with mtime 1675774514.0
File D:\myprofile\env\Lib\site-packages\django\contrib\admin\views\autocomplete.py first seen with mtime 1725283154.6475918
File D:\myprofile\env\Lib\site-packages\django\template\response.py first seen with mtime 1725283157.8599293
File D:\myprofile\env\Lib\site-packages\django\forms\models.py first seen with mtime 1725283157.7830355
File C:\Users\sitar\AppData\Local\Programs\Python\Python310\Lib\signal.py first seen with mtime 1675774514.0
File D:\myprofile\env\Lib\site-packages\django\contrib\contenttypes\fields.py first seen with mtime 1725283155.248379
File D:\myprofile\env\Lib\site-packages\django\contrib\admin\__init__.py first seen with mtime 1725283154.0025413
File D:\myprofile\env\Lib\site-packages\sqlparse\filters\__init__.py first seen with mtime 1710774316.605941
File D:\myprofile\env\Lib\site-packages\django\core\cache\backends\__init__.py first seen with mtime 1725283157.503732
File D:\myprofile\env\Lib\site-packages\django\template\engine.py first seen with mtime 1725283157.8599293
File C:\Users\sitar\AppData\Local\Programs\Python\Python310\Lib\ctypes\wintypes.py first seen with mtime 1675774514.0
File D:\myprofile\env\Lib\site-packages\django\urls\base.py first seen with mtime 1725283157.8755505
File D:\myprofile\env\Lib\site-packages\django\db\models\fields\files.py first seen with mtime 1725283157.7316551
File D:\myprofile\env\Lib\site-packages\django\contrib\staticfiles\utils.py first seen with mtime 1725283157.4818997
File D:\myprofile\env\Lib\site-packages\django\core\mail\message.py first seen with mtime 1725283157.5569534
File D:\myprofile\env\Lib\site-packages\django\template\autoreload.py first seen with mtime 1725283157.8442986
File D:\myprofile\env\Lib\site-packages\django\contrib\contenttypes\models.py first seen with mtime 1725283155.248379
File C:\Users\sitar\AppData\Local\Programs\Python\Python310\Lib\warnings.py first seen with mtime 1675774514.0
File C:\Users\sitar\AppData\Local\Programs\Python\Python310\Lib\types.py first seen with mtime 1675774514.0
File C:\Users\sitar\AppData\Local\Programs\Python\Python310\Lib\wsgiref\headers.py first seen with mtime 1675774514.0
File D:\myprofile\env\Lib\site-packages\django\core\wsgi.py first seen with mtime 1725283157.490347
File D:\myprofile\env\Lib\site-packages\django\template\backends\base.py first seen with mtime 1725283157.8599293
File D:\myprofile\env\Lib\site-packages\django\contrib\auth\signals.py first seen with mtime 1725283154.9868844
File D:\myprofile\env\Lib\site-packages\django\utils\asyncio.py first seen with mtime 1725283157.8911822
File D:\myprofile\env\Lib\site-packages\django\core\management\commands\runserver.py first seen with mtime 1725283157.5888026
File D:\myprofile\env\Lib\site-packages\django\db\backends\base\client.py first seen with mtime 1725283157.6201048
File D:\myprofile\env\Lib\site-packages\django\db\models\functions\window.py first seen with mtime 1725283157.7473493
File D:\myprofile\env\Lib\site-packages\django\contrib\contenttypes\admin.py first seen with mtime 1725283155.248379
File C:\Users\sitar\AppData\Local\Programs\Python\Python310\Lib\hmac.py first seen with mtime 1675774514.0
File D:\myprofile\env\Lib\site-packages\django\contrib\auth\__init__.py first seen with mtime 1725283154.9868844
File D:\myprofile\env\Lib\site-packages\django\utils\deconstruct.py first seen with mtime 1725283157.8911822
File D:\myprofile\env\Lib\site-packages\dotenv\main.py first seen with mtime 1710775214.0452936
File C:\Users\sitar\AppData\Local\Programs\Python\Python310\Lib\urllib\error.py first seen with mtime 1675774514.0
File D:\myprofile\env\Lib\site-packages\django\contrib\sessions\backends\__init__.py first seen with mtime 1725283156.7840092
File D:\myprofile\env\Lib\site-packages\django\core\checks\translation.py first seen with mtime 1725283157.524525
File D:\myprofile\env\Lib\site-packages\sqlparse\engine\filter_stack.py first seen with mtime 1710774316.6029336
File D:\myprofile\env\Lib\site-packages\sqlparse\engine\__init__.py first seen with mtime 1710774316.6019356
File D:\myprofile\env\Lib\site-packages\django\contrib\admin\checks.py first seen with mtime 1725283154.0025413
File D:\myprofile\env\Lib\site-packages\django\db\models\fields\related_descriptors.py first seen with mtime 1725283157.7473493
File C:\Users\sitar\AppData\Local\Programs\Python\Python310\Lib\sre_parse.py first seen with mtime 1675774514.0
File D:\myprofile\env\Lib\site-packages\django\utils\translation\__init__.py first seen with mtime 1725283157.906802
File D:\myprofile\env\Lib\site-packages\django\db\backends\mysql\creation.py first seen with mtime 1725283157.6357405
File C:\Users\sitar\AppData\Local\Programs\Python\Python310\Lib\asyncio\queues.py first seen with mtime 1675774514.0
File D:\myprofile\env\Lib\site-packages\django\core\serializers\__init__.py first seen with mtime 1725283157.60448
File C:\Users\sitar\AppData\Local\Programs\Python\Python310\Lib\pkgutil.py first seen with mtime 1675774514.0
File C:\Users\sitar\AppData\Local\Programs\Python\Python310\Lib\subprocess.py first seen with mtime 1675774514.0
File C:\Users\sitar\AppData\Local\Programs\Python\Python310\Lib\email\utils.py first seen with mtime 1675774514.0
File D:\myprofile\env\Lib\site-packages\django\db\backends\mysql\operations.py first seen with mtime 1725283157.6357405
File D:\myprofile\env\Lib\site-packages\django\contrib\admin\templatetags\admin_list.py first seen with mtime 1725283154.6475918
File C:\Users\sitar\AppData\Local\Programs\Python\Python310\Lib\concurrent\futures\_base.py first seen with mtime 1675774514.0
File C:\Users\sitar\AppData\Local\Programs\Python\Python310\Lib\asyncio\exceptions.py first seen with mtime 1675774514.0
File D:\myprofile\env\Lib\site-packages\django\db\models\functions\comparison.py first seen with mtime 1725283157.7473493
File D:\myprofile\env\Lib\site-packages\sqlparse\filters\output.py first seen with mtime 1710774316.6079621
File D:\myprofile\env\Lib\site-packages\django\forms\formsets.py first seen with mtime 1725283157.7800303
File D:\myprofile\env\Lib\site-packages\django\template\backends\__init__.py first seen with mtime 1725283157.8599293
File D:\myprofile\env\Lib\site-packages\django\db\__init__.py first seen with mtime 1725283157.60448
File D:\myprofile\myprofile\urls.py first seen with mtime 1724693003.0873342
File D:\myprofile\env\Lib\site-packages\django\contrib\auth\checks.py first seen with mtime 1725283154.9868844
File D:\myprofile\env\Lib\site-packages\django\db\models\aggregates.py first seen with mtime 1725283157.6983156
File D:\myprofile\env\Lib\site-packages\django\middleware\common.py first seen with mtime 1725283157.8442986
File D:\myprofile\env\Lib\site-packages\django\contrib\contenttypes\apps.py first seen with mtime 1725283155.248379
(0.031) SET SESSION TRANSACTION ISOLATION LEVEL READ COMMITTED; args=None; alias=default
File D:\myprofile\env\Lib\site-packages\django\contrib\admin\models.py first seen with mtime 1725283154.0025413
File C:\Users\sitar\AppData\Local\Programs\Python\Python310\Lib\tokenize.py first seen with mtime 1675774514.0
File D:\myprofile\env\Lib\site-packages\MySQLdb\_exceptions.py first seen with mtime 1710774362.322451
File D:\myprofile\env\Lib\site-packages\django\utils\connection.py first seen with mtime 1725283157.8911822
File C:\Users\sitar\AppData\Local\Programs\Python\Python310\Lib\tempfile.py first seen with mtime 1675774514.0
File C:\Users\sitar\AppData\Local\Programs\Python\Python310\Lib\email\iterators.py first seen with mtime 1675774514.0
File D:\myprofile\env\Lib\site-packages\django\contrib\admin\decorators.py first seen with mtime 1725283154.0025413
File D:\myprofile\env\Lib\site-packages\django\apps\registry.py first seen with mtime 1725283153.6707284
File C:\Users\sitar\AppData\Local\Programs\Python\Python310\Lib\secrets.py first seen with mtime 1675774514.0
File D:\myprofile\env\Lib\site-packages\django\db\backends\base\creation.py first seen with mtime 1725283157.6201048
File D:\myprofile\env\Lib\site-packages\django\db\backends\mysql\schema.py first seen with mtime 1725283157.6357405
File D:\myprofile\env\Lib\site-packages\django\core\checks\caches.py first seen with mtime 1725283157.507208
File D:\myprofile\testapp\views.py first seen with mtime 1725289138.8966277
File D:\myprofile\env\Lib\site-packages\django\db\backends\base\operations.py first seen with mtime 1725283157.6201048
File D:\myprofile\env\Lib\site-packages\django\core\files\base.py first seen with mtime 1725283157.524525
File D:\myprofile\env\Lib\site-packages\django\contrib\auth\models.py first seen with mtime 1725283154.9868844
File C:\Users\sitar\AppData\Local\Programs\Python\Python310\Lib\email\mime\__init__.py first seen with mtime 1675774514.0
File C:\Users\sitar\AppData\Local\Programs\Python\Python310\Lib\posixpath.py first seen with mtime 1675774514.0
File C:\Users\sitar\AppData\Local\Programs\Python\Python310\Lib\pathlib.py first seen with mtime 1675774514.0
File D:\myprofile\env\Lib\site-packages\django\utils\log.py first seen with mtime 1725283157.906802
File C:\Users\sitar\AppData\Local\Programs\Python\Python310\Lib\asyncio\trsock.py first seen with mtime 1675774514.0
File C:\Users\sitar\AppData\Local\Programs\Python\Python310\Lib\bisect.py first seen with mtime 1675774514.0
File C:\Users\sitar\AppData\Local\Programs\Python\Python310\Lib\pprint.py first seen with mtime 1675774514.0
File D:\myprofile\env\Lib\site-packages\django\contrib\auth\decorators.py first seen with mtime 1725283154.9868844
File C:\Users\sitar\AppData\Local\Programs\Python\Python310\Lib\_weakrefset.py first seen with mtime 1675774514.0
File D:\myprofile\env\Lib\site-packages\django\forms\utils.py first seen with mtime 1725283157.78503
File D:\myprofile\env\Lib\site-packages\django\template\library.py first seen with mtime 1725283157.8599293
File D:\myprofile\env\Lib\site-packages\django\contrib\auth\admin.py first seen with mtime 1725283154.9868844
File D:\myprofile\env\Lib\site-packages\django\template\exceptions.py first seen with mtime 1725283157.8599293
File D:\myprofile\env\Lib\site-packages\MySQLdb\constants\__init__.py first seen with mtime 1710774362.3406296
File C:\Users\sitar\AppData\Local\Programs\Python\Python310\Lib\urllib\response.py first seen with mtime 1675774514.0
File D:\myprofile\env\Lib\site-packages\django\template\loaders\base.py first seen with mtime 1725283157.8755505
File C:\Users\sitar\AppData\Local\Programs\Python\Python310\Lib\email\errors.py first seen with mtime 1675774514.0
File D:\myprofile\env\Lib\site-packages\django\contrib\admin\templatetags\__init__.py first seen with mtime 1725283154.6475918
File D:\myprofile\env\Lib\site-packages\django\db\backends\base\schema.py first seen with mtime 1725283157.6357405
File C:\Users\sitar\AppData\Local\Programs\Python\Python310\Lib\nturl2path.py first seen with mtime 1675774514.0
File D:\myprofile\env\Lib\site-packages\django\http\cookie.py first seen with mtime 1725283157.8442986
File C:\Users\sitar\AppData\Local\Programs\Python\Python310\Lib\encodings\utf_8.py first seen with mtime 1675774514.0
File D:\myprofile\env\Lib\site-packages\django\utils\module_loading.py first seen with mtime 1725283157.906802
File D:\myprofile\env\Lib\site-packages\django\contrib\admin\apps.py first seen with mtime 1725283154.0025413
File D:\myprofile\env\Lib\site-packages\django\templatetags\tz.py first seen with mtime 1725283157.8755505
File D:\myprofile\env\Lib\site-packages\django\utils\numberformat.py first seen with mtime 1725283157.906802
File D:\myprofile\env\Lib\site-packages\django\views\decorators\common.py first seen with mtime 1725283157.922423
File D:\myprofile\env\Lib\site-packages\django\core\files\__init__.py first seen with mtime 1725283157.524525
File C:\Users\sitar\AppData\Local\Programs\Python\Python310\Lib\asyncio\selector_events.py first seen with mtime 1675774514.0
File D:\myprofile\env\Lib\site-packages\django\contrib\staticfiles\storage.py first seen with mtime 1725283157.479765
File C:\Users\sitar\AppData\Local\Programs\Python\Python310\Lib\glob.py first seen with mtime 1675774514.0
File C:\Users\sitar\AppData\Local\Programs\Python\Python310\Lib\email\encoders.py first seen with mtime 1675774514.0
File D:\myprofile\env\Lib\site-packages\django\db\models\utils.py first seen with mtime 1725283157.7316551
File C:\Users\sitar\AppData\Local\Programs\Python\Python310\Lib\importlib\__init__.py first seen with mtime 1675774514.0
File D:\myprofile\env\Lib\site-packages\django\db\migrations\operations\base.py first seen with mtime 1725283157.6983156
File D:\myprofile\env\Lib\site-packages\corsheaders\conf.py first seen with mtime 1710787261.8469422
File C:\Users\sitar\AppData\Local\Programs\Python\Python310\Lib\asyncio\streams.py first seen with mtime 1675774514.0
File C:\Users\sitar\AppData\Local\Programs\Python\Python310\Lib\copy.py first seen with mtime 1675774514.0
File D:\myprofile\env\Lib\site-packages\django\db\migrations\exceptions.py first seen with mtime 1725283157.682614
File D:\myprofile\env\Lib\site-packages\django\urls\conf.py first seen with mtime 1725283157.8755505
File D:\myprofile\env\Lib\site-packages\django\db\backends\utils.py first seen with mtime 1725283157.6201048
File D:\myprofile\env\Lib\site-packages\django\views\decorators\__init__.py first seen with mtime 1725283157.922423
File D:\myprofile\env\Lib\site-packages\django\contrib\staticfiles\management\commands\runserver.py first seen with mtime 1725283157.488956
File D:\myprofile\env\Lib\site-packages\MySQLdb\constants\CLIENT.py first seen with mtime 1710774362.3359973
File C:\Users\sitar\AppData\Local\Programs\Python\Python310\Lib\collections\__init__.py first seen with mtime 1675774514.0
File C:\Users\sitar\AppData\Local\Programs\Python\Python310\Lib\email\contentmanager.py first seen with mtime 1675774514.0
File C:\Users\sitar\AppData\Local\Programs\Python\Python310\Lib\quopri.py first seen with mtime 1675774514.0
File D:\myprofile\env\Lib\site-packages\django\contrib\auth\apps.py first seen with mtime 1725283154.9868844
File D:\myprofile\env\Lib\site-packages\django\views\generic\list.py first seen with mtime 1725283157.922423
File D:\myprofile\env\Lib\site-packages\django\utils\tree.py first seen with mtime 1725283157.906802
File D:\myprofile\env\Lib\site-packages\django\forms\__init__.py first seen with mtime 1725283157.7748208
File C:\Users\sitar\AppData\Local\Programs\Python\Python310\Lib\linecache.py first seen with mtime 1675774514.0
File C:\Users\sitar\AppData\Local\Programs\Python\Python310\Lib\keyword.py first seen with mtime 1675774514.0
File D:\myprofile\env\Lib\site-packages\django\db\models\enums.py first seen with mtime 1725283157.7138844
File C:\Users\sitar\AppData\Local\Programs\Python\Python310\Lib\email\mime\multipart.py first seen with mtime 1675774514.0
File D:\myprofile\env\Lib\site-packages\django\contrib\admin\actions.py first seen with mtime 1725283154.0025413
File C:\Users\sitar\AppData\Local\Programs\Python\Python310\Lib\html\__init__.py first seen with mtime 1675774514.0
File C:\Users\sitar\AppData\Local\Programs\Python\Python310\Lib\stat.py first seen with mtime 1675774514.0
File D:\myprofile\env\Lib\site-packages\django\contrib\admin\utils.py first seen with mtime 1725283154.0025413
File D:\myprofile\env\Lib\site-packages\django\templatetags\cache.py first seen with mtime 1725283157.8755505
(0.016) 
            SELECT
                table_name,
                table_type,
                table_comment
            FROM information_schema.tables
            WHERE table_schema = DATABASE()
            ; args=None; alias=default
File D:\myprofile\env\Lib\site-packages\django\views\generic\edit.py first seen with mtime 1725283157.922423
File C:\Users\sitar\AppData\Local\Programs\Python\Python310\Lib\encodings\__init__.py first seen with mtime 1675774514.0
File D:\myprofile\env\Lib\site-packages\compressor\finders.py first seen with mtime 1725283171.735728
File D:\myprofile\env\Lib\site-packages\django\contrib\admin\templatetags\admin_urls.py first seen with mtime 1725283154.6475918
File D:\myprofile\env\Lib\site-packages\django\contrib\auth\management\__init__.py first seen with mtime 1725283155.2171218
File C:\Users\sitar\AppData\Local\Programs\Python\Python310\Lib\ctypes\__init__.py first seen with mtime 1675774514.0
File D:\myprofile\env\Lib\site-packages\django\db\models\fields\related_lookups.py first seen with mtime 1725283157.7473493
File C:\Users\sitar\AppData\Local\Programs\Python\Python310\Lib\_markupbase.py first seen with mtime 1675774514.0
File D:\myprofile\env\Lib\site-packages\django\contrib\sites\shortcuts.py first seen with mtime 1725283157.1303992
File C:\Users\sitar\AppData\Local\Programs\Python\Python310\Lib\uuid.py first seen with mtime 1675774514.0
File C:\Users\sitar\AppData\Local\Programs\Python\Python310\Lib\site.py first seen with mtime 1675774514.0
File C:\Users\sitar\AppData\Local\Programs\Python\Python310\Lib\asyncio\mixins.py first seen with mtime 1675774514.0
File D:\myprofile\env\Lib\site-packages\compressor\models.py first seen with mtime 1725283171.735728
File D:\myprofile\env\Lib\site-packages\MySQLdb\_mysql.cp310-win_amd64.pyd first seen with mtime 1710774362.3265307
File D:\myprofile\env\Lib\site-packages\sqlparse\utils.py first seen with mtime 1710774316.6019356
File D:\myprofile\env\Lib\site-packages\django\contrib\sessions\exceptions.py first seen with mtime 1725283156.7789593
File D:\myprofile\env\Lib\site-packages\django\db\models\fields\reverse_related.py first seen with mtime 1725283157.7473493
File D:\myprofile\env\Lib\site-packages\django\core\handlers\exception.py first seen with mtime 1725283157.5405858
File C:\Users\sitar\AppData\Local\Programs\Python\Python310\Lib\re.py first seen with mtime 1675774514.0
File C:\Users\sitar\AppData\Local\Programs\Python\Python310\Lib\dis.py first seen with mtime 1675774514.0
File D:\myprofile\env\Lib\site-packages\django\db\models\__init__.py first seen with mtime 1725283157.6983156
File D:\myprofile\env\Lib\site-packages\django\utils\dateparse.py first seen with mtime 1725283157.8911822
File D:\myprofile\env\Lib\site-packages\django\contrib\messages\storage\base.py first seen with mtime 1725283156.1415486
File C:\Users\sitar\AppData\Local\Programs\Python\Python310\Lib\heapq.py first seen with mtime 1675774514.0
File D:\myprofile\env\Lib\site-packages\django\core\checks\model_checks.py first seen with mtime 1725283157.5203314
File D:\myprofile\env\Lib\site-packages\django\middleware\csrf.py first seen with mtime 1725283157.8442986
File D:\myprofile\env\Lib\site-packages\django\core\handlers\base.py first seen with mtime 1725283157.5405858
File C:\Users\sitar\AppData\Local\Programs\Python\Python310\DLLs\unicodedata.pyd first seen with mtime 1675774556.0
File D:\myprofile\env\Lib\site-packages\django\core\checks\messages.py first seen with mtime 1725283157.507208
File D:\myprofile\env\Lib\site-packages\django\core\cache\utils.py first seen with mtime 1725283157.490347
File D:\myprofile\env\Lib\site-packages\appconf\utils.py first seen with mtime 1725283171.673233
File D:\myprofile\env\Lib\site-packages\django\db\models\functions\datetime.py first seen with mtime 1725283157.7473493
File D:\myprofile\env\Lib\site-packages\django\contrib\sites\requests.py first seen with mtime 1725283157.1286697
File D:\myprofile\env\Lib\site-packages\django\db\migrations\operations\special.py first seen with mtime 1725283157.6983156
File D:\myprofile\env\Lib\site-packages\django\forms\fields.py first seen with mtime 1725283157.7757423
File C:\Users\sitar\AppData\Local\Programs\Python\Python310\Lib\opcode.py first seen with mtime 1675774514.0
File D:\myprofile\env\Lib\site-packages\django\urls\utils.py first seen with mtime 1725283157.8911822
File D:\myprofile\env\Lib\site-packages\django\contrib\contenttypes\forms.py first seen with mtime 1725283155.248379
File D:\myprofile\env\Lib\site-packages\django\conf\__init__.py first seen with mtime 1725283153.6797047
File C:\Users\sitar\AppData\Local\Programs\Python\Python310\Lib\base64.py first seen with mtime 1675774514.0
File C:\Users\sitar\AppData\Local\Programs\Python\Python310\Lib\email\mime\message.py first seen with mtime 1675774514.0
File C:\Users\sitar\AppData\Local\Programs\Python\Python310\Lib\pickle.py first seen with mtime 1675774514.0
File D:\myprofile\env\Lib\site-packages\django\core\files\storage\mixins.py first seen with mtime 1725283157.5405858
File D:\myprofile\env\Lib\site-packages\django\views\generic\__init__.py first seen with mtime 1725283157.922423
File D:\myprofile\env\Lib\site-packages\django\db\models\query.py first seen with mtime 1725283157.7316551
File C:\Users\sitar\AppData\Local\Programs\Python\Python310\Lib\email\policy.py first seen with mtime 1675774514.0
File D:\myprofile\env\Lib\site-packages\whitenoise\responders.py first seen with mtime 1717823262.678063
(0.032) SELECT `django_migrations`.`id`, `django_migrations`.`app`, `django_migrations`.`name`, `django_migrations`.`applied` FROM `django_migrations`; args=(); alias=default
File D:\myprofile\env\Lib\site-packages\django\views\debug.py first seen with mtime 1725283157.922423
File D:\myprofile\env\Lib\site-packages\django\db\utils.py first seen with mtime 1725283157.6201048
File D:\myprofile\env\Lib\site-packages\django\core\files\storage\filesystem.py first seen with mtime 1725283157.5405858
File C:\Users\sitar\AppData\Local\Programs\Python\Python310\Lib\wsgiref\util.py first seen with mtime 1675774514.0
File C:\Users\sitar\AppData\Local\Programs\Python\Python310\Lib\ntpath.py first seen with mtime 1675774514.0
File C:\Users\sitar\AppData\Local\Programs\Python\Python310\Lib\random.py first seen with mtime 1675774514.0
File D:\myprofile\env\Lib\site-packages\django\core\management\color.py first seen with mtime 1725283157.5569534
File C:\Users\sitar\AppData\Local\Programs\Python\Python310\Lib\genericpath.py first seen with mtime 1675774514.0
File C:\Users\sitar\AppData\Local\Programs\Python\Python310\Lib\email\header.py first seen with mtime 1675774514.0
File D:\myprofile\env\Lib\site-packages\django\contrib\messages\utils.py first seen with mtime 1725283156.1399903
File C:\Users\sitar\AppData\Local\Programs\Python\Python310\Lib\email\message.py first seen with mtime 1675774514.0
File C:\Users\sitar\AppData\Local\Programs\Python\Python310\Lib\logging\handlers.py first seen with mtime 1675774514.0
File C:\Users\sitar\AppData\Local\Programs\Python\Python310\DLLs\_overlapped.pyd first seen with mtime 1675774554.0
File C:\Users\sitar\AppData\Local\Programs\Python\Python310\Lib\asyncio\events.py first seen with mtime 1675774514.0
File C:\Users\sitar\AppData\Local\Programs\Python\Python310\Lib\asyncio\protocols.py first seen with mtime 1675774514.0
File C:\Users\sitar\AppData\Local\Programs\Python\Python310\Lib\mimetypes.py first seen with mtime 1675774514.0
File D:\myprofile\env\Lib\site-packages\django\db\models\functions\math.py first seen with mtime 1725283157.7473493
File D:\myprofile\env\Lib\site-packages\sqlparse\__init__.py first seen with mtime 1710774316.5954223
File C:\Users\sitar\AppData\Local\Programs\Python\Python310\Lib\json\encoder.py first seen with mtime 1675774514.0
File D:\myprofile\env\Lib\site-packages\django\template\base.py first seen with mtime 1725283157.8442986
File D:\myprofile\env\Lib\site-packages\django\db\backends\mysql\introspection.py first seen with mtime 1725283157.6357405
File D:\myprofile\env\Lib\site-packages\django\apps\__init__.py first seen with mtime 1725283153.6707284
File D:\myprofile\env\Lib\site-packages\asgiref\current_thread_executor.py first seen with mtime 1725283152.589895
File D:\myprofile\env\Lib\site-packages\sqlparse\keywords.py first seen with mtime 1710774316.5989313
File D:\myprofile\env\Lib\site-packages\django\db\models\constants.py first seen with mtime 1725283157.7138844
File D:\myprofile\env\Lib\site-packages\django\utils\datastructures.py first seen with mtime 1725283157.8911822
File C:\Users\sitar\AppData\Local\Programs\Python\Python310\Lib\email\_header_value_parser.py first seen with mtime 1675774514.0
File C:\Users\sitar\AppData\Local\Programs\Python\Python310\DLLs\_queue.pyd first seen with mtime 1675774554.0
File D:\myprofile\env\Lib\site-packages\django\forms\renderers.py first seen with mtime 1725283157.7840405
File D:\myprofile\testapp\models.py first seen with mtime 1694974472.0
File C:\Users\sitar\AppData\Local\Programs\Python\Python310\Lib\asyncio\subprocess.py first seen with mtime 1675774514.0
File D:\myprofile\env\Lib\site-packages\django\db\models\fields\json.py first seen with mtime 1725283157.7316551
File D:\myprofile\env\Lib\site-packages\django\templatetags\static.py first seen with mtime 1725283157.8755505
File C:\Users\sitar\AppData\Local\Programs\Python\Python310\Lib\email\parser.py first seen with mtime 1675774514.0
File D:\myprofile\env\Lib\site-packages\MySQLdb\release.py first seen with mtime 1710774362.3339956
File C:\Users\sitar\AppData\Local\Programs\Python\Python310\Lib\dataclasses.py first seen with mtime 1675774514.0
File D:\myprofile\env\Lib\site-packages\django\db\models\options.py first seen with mtime 1725283157.7316551
File D:\myprofile\env\Lib\site-packages\django\views\decorators\csrf.py first seen with mtime 1725283157.922423
File D:\myprofile\env\Lib\site-packages\django\core\cache\__init__.py first seen with mtime 1725283157.490347
File D:\myprofile\env\Lib\site-packages\compressor\utils\staticfiles.py first seen with mtime 1725283171.8294778
File D:\myprofile\env\Lib\site-packages\appconf\__init__.py first seen with mtime 1725283171.673233
File D:\myprofile\env\Lib\site-packages\whitenoise\string_utils.py first seen with mtime 1717823262.678063
File D:\myprofile\env\Lib\site-packages\django\utils\text.py first seen with mtime 1725283157.906802
File D:\myprofile\env\Lib\site-packages\dotenv\__init__.py first seen with mtime 1710775214.042293
File D:\myprofile\env\Lib\site-packages\django\contrib\auth\backends.py first seen with mtime 1725283154.9868844
File D:\myprofile\testapp\admin.py first seen with mtime 1694959516.0
File D:\myprofile\env\Lib\site-packages\django\db\transaction.py first seen with mtime 1725283157.60448
File C:\Users\sitar\AppData\Local\Programs\Python\Python310\DLLs\_zoneinfo.pyd first seen with mtime 1675774556.0
File D:\myprofile\env\Lib\site-packages\corsheaders\signals.py first seen with mtime 1710787261.862573
File D:\myprofile\env\Lib\site-packages\django\core\checks\registry.py first seen with mtime 1725283157.521851
File D:\myprofile\env\Lib\site-packages\corsheaders\__init__.py first seen with mtime 1710787261.8469422
File D:\myprofile\env\Lib\site-packages\django\urls\__init__.py first seen with mtime 1725283157.8755505
File C:\Users\sitar\AppData\Local\Programs\Python\Python310\Lib\bz2.py first seen with mtime 1675774514.0
File D:\myprofile\env\Lib\site-packages\django\views\defaults.py first seen with mtime 1725283157.922423
File C:\Users\sitar\AppData\Local\Programs\Python\Python310\Lib\asyncio\staggered.py first seen with mtime 1675774514.0
File D:\myprofile\env\Lib\site-packages\django\db\backends\base\introspection.py first seen with mtime 1725283157.6201048
File C:\Users\sitar\AppData\Local\Programs\Python\Python310\Lib\email\generator.py first seen with mtime 1675774514.0
File D:\myprofile\env\Lib\site-packages\django\http\multipartparser.py first seen with mtime 1725283157.8442986
File D:\myprofile\env\Lib\site-packages\django\contrib\auth\middleware.py first seen with mtime 1725283154.9868844
File C:\Users\sitar\AppData\Local\Programs\Python\Python310\Lib\asyncio\threads.py first seen with mtime 1675774514.0
File D:\myprofile\env\Lib\site-packages\sqlparse\filters\tokens.py first seen with mtime 1710774316.6114469
File C:\Users\sitar\AppData\Local\Programs\Python\Python310\Lib\inspect.py first seen with mtime 1675774514.0
File C:\Users\sitar\AppData\Local\Programs\Python\Python310\Lib\__future__.py first seen with mtime 1675774514.0
File D:\myprofile\env\Lib\site-packages\django\http\request.py first seen with mtime 1725283157.8442986
File D:\myprofile\env\Lib\site-packages\django\core\checks\database.py first seen with mtime 1725283157.507208
File D:\myprofile\env\Lib\site-packages\django\core\validators.py first seen with mtime 1725283157.490347
File D:\myprofile\env\Lib\site-packages\django\__init__.py first seen with mtime 1725283153.6707284
File D:\myprofile\env\Lib\site-packages\django\utils\formats.py first seen with mtime 1725283157.906802
File D:\myprofile\env\Lib\site-packages\django\contrib\sites\__init__.py first seen with mtime 1725283157.1162791
File D:\myprofile\env\Lib\site-packages\django\contrib\messages\__init__.py first seen with mtime 1725283156.1264417
File D:\myprofile\env\Lib\site-packages\django\utils\functional.py first seen with mtime 1725283157.906802
File D:\myprofile\template\about.html first seen with mtime 1724699143.1043746
File D:\myprofile\template\base.html first seen with mtime 1725282777.5274334
File D:\myprofile\template\contactus.html first seen with mtime 1724689216.7161448
File D:\myprofile\template\home.html first seen with mtime 1710777341.8271217
File D:\myprofile\template\project.html first seen with mtime 1724698211.6643672
File D:\myprofile\template\registration first seen with mtime 1710773916.6480827
File D:\myprofile\template\registration\login.html first seen with mtime 1724694659.9484067
File D:\myprofile\template\registration\register.html first seen with mtime 1724691430.280164
File D:\myprofile\env\lib\site-packages\compressor\templates\compressor first seen with mtime 1725283171.7513614
File D:\myprofile\env\lib\site-packages\compressor\templates\compressor\css_file.html first seen with mtime 1725283171.7513614
File D:\myprofile\env\lib\site-packages\compressor\templates\compressor\css_inline.html first seen with mtime 1725283171.7513614
File D:\myprofile\env\lib\site-packages\compressor\templates\compressor\css_preload.html first seen with mtime 1725283171.7513614
File D:\myprofile\env\lib\site-packages\compressor\templates\compressor\js_file.html first seen with mtime 1725283171.7513614
File D:\myprofile\env\lib\site-packages\compressor\templates\compressor\js_inline.html first seen with mtime 1725283171.7513614
File D:\myprofile\env\lib\site-packages\compressor\templates\compressor\js_preload.html first seen with mtime 1725283171.7513614
File C:\Users\sitar\AppData\Local\Programs\Python\Python310\Lib\csv.py first seen with mtime 1675774514.0
File D:\myprofile\env\Lib\site-packages\redis\retry.py first seen with mtime 1725283271.393098
File D:\myprofile\env\Lib\site-packages\django_redis\client\sentinel.py first seen with mtime 1725283272.3305507
File C:\Users\sitar\AppData\Local\Programs\Python\Python310\Lib\importlib\metadata\_functools.py first seen with mtime 1675774514.0
File D:\myprofile\env\Lib\site-packages\redis\_parsers\base.py first seen with mtime 1725283271.396114
File D:\myprofile\env\Lib\site-packages\redis\commands\helpers.py first seen with mtime 1725283271.410005
File C:\Users\sitar\AppData\Local\Programs\Python\Python310\Lib\textwrap.py first seen with mtime 1675774514.0
File D:\myprofile\env\Lib\site-packages\redis\_parsers\resp2.py first seen with mtime 1725283271.4001162
File D:\myprofile\env\Lib\site-packages\django\contrib\admin\migrations\0003_logentry_add_action_flag_choices.py first seen with mtime 1725283154.4640293
File C:\Users\sitar\AppData\Local\Programs\Python\Python310\Lib\importlib\metadata\_collections.py first seen with mtime 1675774514.0
File D:\myprofile\env\Lib\site-packages\redis\_parsers\__init__.py first seen with mtime 1725283271.396114
File D:\myprofile\env\Lib\site-packages\django\db\migrations\recorder.py first seen with mtime 1725283157.6983156
File D:\myprofile\env\Lib\site-packages\django\db\models\sql\compiler.py first seen with mtime 1725283157.761938
File D:\myprofile\env\Lib\site-packages\django\contrib\auth\migrations\0012_alter_user_first_name_max_length.py first seen with mtime 1725283155.2327507
File D:\myprofile\env\Lib\site-packages\django\contrib\sessions\migrations\__init__.py first seen with mtime 1725283157.107745
File D:\myprofile\env\Lib\site-packages\redis\asyncio\sentinel.py first seen with mtime 1725283271.4069488
File D:\myprofile\env\Lib\site-packages\redis\asyncio\utils.py first seen with mtime 1725283271.4079528
File D:\myprofile\env\Lib\site-packages\django_redis\cache.py first seen with mtime 1725283272.3305507
File D:\myprofile\env\Lib\site-packages\django_redis\hash_ring.py first seen with mtime 1725283272.3305507
File D:\myprofile\env\Lib\site-packages\django\db\migrations\graph.py first seen with mtime 1725283157.682614
File D:\myprofile\env\Lib\site-packages\django_redis\client\herd.py first seen with mtime 1725283272.3305507
File D:\myprofile\env\Lib\site-packages\redis\_parsers\hiredis.py first seen with mtime 1725283271.3991148
File D:\myprofile\env\Lib\site-packages\django\db\backends\mysql\compiler.py first seen with mtime 1725283157.6357405
File D:\myprofile\env\Lib\site-packages\django_redis\pool.py first seen with mtime 1725283272.3305507
File D:\myprofile\env\Lib\site-packages\redis\asyncio\__init__.py first seen with mtime 1725283271.4019063
File D:\myprofile\env\Lib\site-packages\redis\asyncio\lock.py first seen with mtime 1725283271.4049494
File D:\myprofile\env\Lib\site-packages\django\contrib\auth\migrations\0007_alter_validators_add_error_messages.py first seen with mtime 1725283155.2327507
File D:\myprofile\env\Lib\site-packages\django\contrib\auth\migrations\0004_alter_user_username_opts.py first seen with mtime 1725283155.2327507
File D:\myprofile\env\Lib\site-packages\django_redis\client\default.py first seen with mtime 1725283272.3305507
File D:\myprofile\env\Lib\site-packages\django\contrib\admin\migrations\0002_logentry_remove_auto_add.py first seen with mtime 1725283154.4620192
File D:\myprofile\env\Lib\site-packages\redis\exceptions.py first seen with mtime 1725283271.3869798
File D:\myprofile\env\Lib\site-packages\redis\asyncio\client.py first seen with mtime 1725283271.40295
File C:\Users\sitar\AppData\Local\Programs\Python\Python310\Lib\importlib\abc.py first seen with mtime 1675774514.0
File D:\myprofile\env\Lib\site-packages\django\db\migrations\loader.py first seen with mtime 1725283157.682614
File D:\myprofile\env\Lib\site-packages\redis\cluster.py first seen with mtime 1725283271.384886
File D:\myprofile\env\Lib\site-packages\redis\connection.py first seen with mtime 1725283271.3869798
File D:\myprofile\env\Lib\site-packages\django\contrib\admin\migrations\__init__.py first seen with mtime 1725283154.464106
File D:\myprofile\env\Lib\site-packages\django_redis\exceptions.py first seen with mtime 1725283272.3305507
File D:\myprofile\env\Lib\site-packages\redis\commands\__init__.py first seen with mtime 1725283271.408956
File D:\myprofile\env\Lib\site-packages\redis\commands\core.py first seen with mtime 1725283271.410005
File D:\myprofile\env\Lib\site-packages\django\views\csrf.py first seen with mtime 1725283157.922423
File D:\myprofile\env\Lib\site-packages\redis\asyncio\retry.py first seen with mtime 1725283271.4059508
File D:\myprofile\env\Lib\site-packages\django\contrib\sessions\backends\db.py first seen with mtime 1725283156.7850091
File D:\myprofile\env\Lib\site-packages\redis\_parsers\commands.py first seen with mtime 1725283271.3971164
File D:\myprofile\env\Lib\site-packages\redis\_parsers\encoders.py first seen with mtime 1725283271.3981137
File D:\myprofile\env\Lib\site-packages\redis\typing.py first seen with mtime 1725283271.394118
File D:\myprofile\env\Lib\site-packages\django\contrib\auth\migrations\0008_alter_user_username_max_length.py first seen with mtime 1725283155.2327507
File D:\myprofile\env\Lib\site-packages\redis\_parsers\socket.py first seen with mtime 1725283271.4011142
File D:\myprofile\testapp\migrations\__init__.py first seen with mtime 1694541146.0
File D:\myprofile\env\Lib\site-packages\redis\crc.py first seen with mtime 1725283271.3869798
File D:\myprofile\env\Lib\site-packages\django_redis\util.py first seen with mtime 1725283272.3305507
File D:\myprofile\env\Lib\site-packages\django\contrib\auth\migrations\__init__.py first seen with mtime 1725283155.2327507
File D:\myprofile\env\Lib\site-packages\django\contrib\sessions\migrations\0001_initial.py first seen with mtime 1725283157.107745
File D:\myprofile\env\Lib\site-packages\django\contrib\auth\migrations\0002_alter_permission_name_max_length.py first seen with mtime 1725283155.2327507
File C:\Users\sitar\AppData\Local\Programs\Python\Python310\Lib\importlib\metadata\_itertools.py first seen with mtime 1675774514.0
File D:\myprofile\env\Lib\site-packages\redis\commands\sentinel.py first seen with mtime 1725283271.410005
File D:\myprofile\testapp\migrations\0001_initial.py first seen with mtime 1710266013.8498847
File C:\Users\sitar\AppData\Local\Programs\Python\Python310\Lib\importlib\metadata\__init__.py first seen with mtime 1675774514.0
File C:\Users\sitar\AppData\Local\Programs\Python\Python310\Lib\importlib\metadata\_text.py first seen with mtime 1675774514.0
File D:\myprofile\env\Lib\site-packages\django_redis\client\sharded.py first seen with mtime 1725283272.3305507
File D:\myprofile\myprofile\wsgi.py first seen with mtime 1694540938.0
File D:\myprofile\env\Lib\site-packages\redis\asyncio\cluster.py first seen with mtime 1725283271.40295
File D:\myprofile\env\Lib\site-packages\redis\backoff.py first seen with mtime 1725283271.3793151
File D:\myprofile\env\Lib\site-packages\django\contrib\auth\migrations\0011_update_proxy_permissions.py first seen with mtime 1725283155.2327507
File D:\myprofile\env\Lib\site-packages\redis\asyncio\connection.py first seen with mtime 1725283271.4039495
File C:\Users\sitar\AppData\Local\Programs\Python\Python310\Lib\importlib\metadata\_meta.py first seen with mtime 1675774514.0
File D:\myprofile\env\Lib\site-packages\django\contrib\auth\migrations\0006_require_contenttypes_0002.py first seen with mtime 1725283155.2327507
File D:\myprofile\env\Lib\site-packages\django\contrib\admin\migrations\0001_initial.py first seen with mtime 1725283154.4557319
File D:\myprofile\env\Lib\site-packages\redis\_parsers\helpers.py first seen with mtime 1725283271.3981137
File C:\Users\sitar\AppData\Local\Programs\Python\Python310\Lib\importlib\metadata\_adapters.py first seen with mtime 1675774514.0
File D:\myprofile\env\Lib\site-packages\redis\sentinel.py first seen with mtime 1725283271.394118
File C:\Users\sitar\AppData\Local\Programs\Python\Python310\Lib\encodings\idna.py first seen with mtime 1675774514.0
File D:\myprofile\env\Lib\site-packages\redis\utils.py first seen with mtime 1725283271.3951163
File D:\myprofile\env\Lib\site-packages\django\contrib\auth\migrations\0009_alter_user_last_name_max_length.py first seen with mtime 1725283155.2327507
File D:\myprofile\env\Lib\site-packages\django_redis\client\__init__.py first seen with mtime 1725283272.3305507
File D:\myprofile\env\Lib\site-packages\django\contrib\auth\migrations\0010_alter_group_name_max_length.py first seen with mtime 1725283155.2327507
File D:\myprofile\env\Lib\site-packages\redis\commands\cluster.py first seen with mtime 1725283271.410005
File D:\myprofile\env\Lib\site-packages\redis\compat.py first seen with mtime 1725283271.3858974
File D:\myprofile\env\Lib\site-packages\redis\_parsers\resp3.py first seen with mtime 1725283271.4001162
File D:\myprofile\env\Lib\site-packages\redis\credentials.py first seen with mtime 1725283271.3869798
File D:\myprofile\env\Lib\site-packages\redis\__init__.py first seen with mtime 1725283271.3793151
File D:\myprofile\env\Lib\site-packages\django\contrib\auth\migrations\0005_alter_user_last_login_null.py first seen with mtime 1725283155.2327507
File D:\myprofile\env\Lib\site-packages\MySQLdb\connections.py first seen with mtime 1710774362.327456
File D:\myprofile\env\Lib\site-packages\redis\lock.py first seen with mtime 1725283271.3869798
File C:\Users\sitar\AppData\Local\Programs\Python\Python310\Lib\zipfile.py first seen with mtime 1675774514.0
File D:\myprofile\env\Lib\site-packages\django\contrib\contenttypes\migrations\__init__.py first seen with mtime 1725283155.4671316
File C:\Users\sitar\AppData\Local\Programs\Python\Python310\Lib\stringprep.py first seen with mtime 1675774514.0
File D:\myprofile\env\Lib\site-packages\redis\commands\redismodules.py first seen with mtime 1725283271.410005
File D:\myprofile\env\Lib\site-packages\redis\client.py first seen with mtime 1725283271.3793151
File D:\myprofile\env\Lib\site-packages\django_redis\__init__.py first seen with mtime 1725283272.3305507
File D:\myprofile\env\Lib\site-packages\django\contrib\auth\migrations\0001_initial.py first seen with mtime 1725283155.2327507
File D:\myprofile\env\Lib\site-packages\django\contrib\contenttypes\migrations\0002_remove_content_type_name.py first seen with mtime 1725283155.4671316
File D:\myprofile\env\Lib\site-packages\MySQLdb\cursors.py first seen with mtime 1710774362.3329985
File D:\myprofile\env\Lib\site-packages\django\contrib\auth\migrations\0003_alter_user_email_max_length.py first seen with mtime 1725283155.2327507
File D:\myprofile\env\Lib\site-packages\django\db\migrations\executor.py first seen with mtime 1725283157.682614
File D:\myprofile\env\Lib\site-packages\async_timeout\__init__.py first seen with mtime 1725283271.3431315
File D:\myprofile\env\Lib\site-packages\django\contrib\contenttypes\migrations\0001_initial.py first seen with mtime 1725283155.4671316
File D:\myprofile\myprofile\settings.py previous mtime: 1725289572.4960568, current mtime: 1725289936.6570957
D:\myprofile\myprofile\settings.py notified as changed. Signal results: [(<function template_changed at 0x000001233A594670>, None), (<function translation_file_changed at 0x000001233AE235B0>, None)].
D:\myprofile\myprofile\settings.py changed, reloading.
